10_0_0_82_7000 {"10_0_0_82_7000":1}
Initialization Complete
10_0_0_82_7000 {"10_0_0_82_7000":2, "clientlib_10_0_0_82_64000_pid_61064":2}
Register client lib
10_0_0_82_7000 {"10_0_0_82_7000":3, "clientlib_10_0_0_82_64000_pid_61064":3}
Received a post from client lib
10_0_0_82_7000 {"10_0_0_82_7000":4, "clientlib_10_0_0_82_64000_pid_61064":3}
Sending off a message
10_0_0_82_7000 {"10_0_0_82_7000":5, "clientlib_10_0_0_82_64000_pid_61064":3, "10_0_0_82_7004":3}
Received a relay message: confirmation message session key ...9e6c715267
10_0_0_82_7000 {"10_0_0_82_7004":6, "10_0_0_82_7002":3, "10_0_0_82_7000":6, "clientlib_10_0_0_82_64000_pid_61064":3}
Received a relay message: confirmation message session key ...9e6c715267
10_0_0_82_7000 {"60887_host":7, "10_0_0_82_7000":7, "clientlib_10_0_0_82_64000_pid_61064":3, "10_0_0_82_7004":8, "10_0_0_82_7002":6, "60912_host":2}
Received a relay message: host confirmation - session key ...9e6c715267
10_0_0_82_7001 {"10_0_0_82_7001":1}
Initialization Complete
10_0_0_82_7002 {"10_0_0_82_7002":1}
Initialization Complete
10_0_0_82_7002 {"10_0_0_82_7000":4, "clientlib_10_0_0_82_64000_pid_61064":3, "10_0_0_82_7002":2, "10_0_0_82_7004":4}
Received a relay message: initial post message - session key 9e6c715267
10_0_0_82_7002 {"10_0_0_82_7002":3, "10_0_0_82_7004":4, "10_0_0_82_7000":4, "clientlib_10_0_0_82_64000_pid_61064":3}
Sending off a message
10_0_0_82_7002 {"10_0_0_82_7002":4, "10_0_0_82_7004":4, "10_0_0_82_7000":4, "clientlib_10_0_0_82_64000_pid_61064":3}
Sending off a message
10_0_0_82_7002 {"10_0_0_82_7004":4, "10_0_0_82_7000":4, "clientlib_10_0_0_82_64000_pid_61064":3, "60912_host":2, "60887_host":7, "10_0_0_82_7002":5}
Received a relay message: host confirmation - session key ...9e6c715267
10_0_0_82_7002 {"clientlib_10_0_0_82_64000_pid_61064":3, "60912_host":2, "60887_host":7, "10_0_0_82_7002":6, "10_0_0_82_7004":4, "10_0_0_82_7000":4}
Sending off a message
10_0_0_82_7003 {"10_0_0_82_7003":1}
Initialization Complete
10_0_0_82_7004 {"10_0_0_82_7004":1}
Initialization Complete
10_0_0_82_7004 {"10_0_0_82_7004":2, "10_0_0_82_7000":4, "clientlib_10_0_0_82_64000_pid_61064":3}
Received a relay message: initial post message - session key 9e6c715267
10_0_0_82_7004 {"10_0_0_82_7000":4, "clientlib_10_0_0_82_64000_pid_61064":3, "10_0_0_82_7004":3}
Sending off a message
10_0_0_82_7004 {"10_0_0_82_7004":4, "10_0_0_82_7000":4, "clientlib_10_0_0_82_64000_pid_61064":3}
Sending off a message
10_0_0_82_7004 {"10_0_0_82_7004":5, "10_0_0_82_7000":4, "clientlib_10_0_0_82_64000_pid_61064":3, "10_0_0_82_7002":3}
Received a relay message: confirmation message session key ...9e6c715267
10_0_0_82_7004 {"10_0_0_82_7004":6, "10_0_0_82_7000":4, "clientlib_10_0_0_82_64000_pid_61064":3, "10_0_0_82_7002":3}
Sending off a message
10_0_0_82_7004 {"clientlib_10_0_0_82_64000_pid_61064":3, "10_0_0_82_7002":6, "60912_host":2, "60887_host":7, "10_0_0_82_7004":7, "10_0_0_82_7000":4}
Received a relay message: host confirmation - session key ...9e6c715267
10_0_0_82_7004 {"10_0_0_82_7002":6, "60912_host":2, "60887_host":7, "10_0_0_82_7004":8, "10_0_0_82_7000":4, "clientlib_10_0_0_82_64000_pid_61064":3}
Sending off a message
60887_host {"60887_host":1}
Initialization Complete
60887_host {"60887_host":2}
INFO-We are a primary host
60887_host {"60887_host":3}
Prepare to register with the server
60887_host {"60887_host":4, "60912_host":2}
Received a registration request from replica
60887_host {"60887_host":5, "60912_host":2, "10_0_0_82_7002":4, "10_0_0_82_7004":4, "10_0_0_82_7000":4, "clientlib_10_0_0_82_64000_pid_61064":3}
Received a relay message: initial post message - session key 9e6c715267
60887_host {"10_0_0_82_7000":4, "clientlib_10_0_0_82_64000_pid_61064":3, "60887_host":6, "60912_host":2, "10_0_0_82_7002":4, "10_0_0_82_7004":4}
Ask replica to back up the post
60887_host {"clientlib_10_0_0_82_64000_pid_61064":3, "60887_host":7, "60912_host":2, "10_0_0_82_7002":4, "10_0_0_82_7004":4, "10_0_0_82_7000":4}
Sending off a message
60912_host {"60912_host":1}
Initialization Complete
60912_host {"60912_host":2}
Sending a register request to replica
60912_host {"60912_host":3}
INFO-We are a replica host
60912_host {"clientlib_10_0_0_82_64000_pid_61064":3, "60887_host":6, "60912_host":4, "10_0_0_82_7002":4, "10_0_0_82_7004":4, "10_0_0_82_7000":4}
Backing up the post
clientlib_10_0_0_82_64000_pid_61064 {"clientlib_10_0_0_82_64000_pid_61064":1}
Initialization Complete
clientlib_10_0_0_82_64000_pid_61064 {"clientlib_10_0_0_82_64000_pid_61064":2}
Register with client node
clientlib_10_0_0_82_64000_pid_61064 {"clientlib_10_0_0_82_64000_pid_61064":3}
Send a post to client node
server {"server":1}
Initialization Complete
server {"server":2, "60887_host":3}
Prepare to register host
